<?xml version="1.0" encoding="UTF-8"?>
<!-- Generated by org.testng.reporters.JUnitReportReporter -->
<testsuite skipped="0" hostname="LAPTOP-LQRBCNTA" name="Login_Process.Login" tests="1" failures="0" timestamp="19 Jul 2017 11:30:07 GMT" time="9.897" errors="0">
  <testcase name="signin" time="9.897" classname="Login_Process.Login"/>
</testsuite> <!-- Login_Process.Login -->
