<?xml version="1.0" encoding="UTF-8"?>
<!-- Generated by org.testng.reporters.JUnitReportReporter -->
<testsuite skipped="1" hostname="LAPTOP-LQRBCNTA" name="Demo.Login" tests="2" failures="0" timestamp="19 Jul 2017 09:46:16 GMT" time="81.839" errors="0">
  <testcase name="signin" time="81.839" classname="Demo.Login"/>
  <testcase name="signin" time="0.000" classname="Demo.Login">
    <skipped/>
  </testcase> <!-- signin -->
</testsuite> <!-- Demo.Login -->
