<?xml version="1.0" encoding="UTF-8"?>
<!-- Generated by org.testng.reporters.JUnitReportReporter -->
<testsuite skipped="0" hostname="LAPTOP-LQRBCNTA" name="Demo.Login" tests="1" failures="0" timestamp="18 Jul 2017 10:45:21 GMT" time="4.802" errors="0">
  <testcase name="signin" time="4.802" classname="Demo.Login"/>
</testsuite> <!-- Demo.Login -->
