<?xml version="1.0" encoding="UTF-8"?>
<!-- Generated by org.testng.reporters.JUnitReportReporter -->
<testsuite skipped="0" hostname="LAPTOP-LQRBCNTA" name="Login_Process.Login" tests="1" failures="0" timestamp="11 Nov 2017 12:56:45 GMT" time="41.041" errors="0">
  <testcase name="signin" time="41.041" classname="Login_Process.Login"/>
</testsuite> <!-- Login_Process.Login -->
