<?xml version="1.0" encoding="UTF-8"?>
<!-- Generated by org.testng.reporters.JUnitReportReporter -->
<testsuite skipped="0" hostname="mars" name="Demo.Add_Provider" tests="2" failures="0" timestamp="07 Jul 2017 10:17:33 GMT" time="28.135" errors="0">
  <testcase name="signin" time="21.602" classname="Demo.Add_Provider"/>
  <testcase name="Provider" time="6.533" classname="Demo.Add_Provider"/>
</testsuite> <!-- Demo.Add_Provider -->
