<?xml version="1.0" encoding="UTF-8"?>
<!-- Generated by org.testng.reporters.JUnitReportReporter -->
<testsuite skipped="0" hostname="mars" name="firsttestngpackage.Demo" tests="1" failures="0" timestamp="14 Jun 2017 12:58:21 GMT" time="13.752" errors="0">
  <testcase name="verifyHomepageTitle" time="13.752" classname="firsttestngpackage.Demo"/>
</testsuite> <!-- firsttestngpackage.Demo -->
