<?xml version="1.0" encoding="UTF-8"?>
<!-- Generated by org.testng.reporters.JUnitReportReporter -->
<testsuite skipped="0" hostname="mars" name="Demo.Login" tests="1" failures="0" timestamp="07 Jul 2017 10:01:44 GMT" time="15.104" errors="0">
  <testcase name="signin" time="15.104" classname="Demo.Login"/>
</testsuite> <!-- Demo.Login -->
