<?xml version="1.0" encoding="UTF-8"?>
<!-- Generated by org.testng.reporters.JUnitReportReporter -->
<testsuite skipped="0" hostname="LAPTOP-LQRBCNTA" name="Demo.Add_Provider" tests="1" failures="0" timestamp="16 Nov 2017 17:26:56 GMT" time="51.834" errors="0">
  <testcase name="Provider" time="51.834" classname="Demo.Add_Provider"/>
</testsuite> <!-- Demo.Add_Provider -->
