<?xml version="1.0" encoding="UTF-8"?>
<!-- Generated by org.testng.reporters.JUnitReportReporter -->
<testsuite skipped="2" hostname="LAPTOP-LQRBCNTA" name="Demo.Custom_Actions" tests="2" failures="0" timestamp="19 Jul 2017 11:30:07 GMT" time="0.000" errors="0">
  <testcase name="signin" time="0.000" classname="Demo.Custom_Actions">
    <skipped/>
  </testcase> <!-- signin -->
  <testcase name="create_custom_action" time="0.000" classname="Demo.Custom_Actions">
    <skipped/>
  </testcase> <!-- create_custom_action -->
</testsuite> <!-- Demo.Custom_Actions -->
