<?xml version="1.0" encoding="UTF-8"?>
<!-- Generated by org.testng.reporters.JUnitReportReporter -->
<testsuite skipped="0" hostname="LAPTOP-LQRBCNTA" name="Login_Process.Login" tests="1" failures="0" timestamp="16 Nov 2017 17:26:56 GMT" time="27.511" errors="0">
  <testcase name="signin" time="27.511" classname="Login_Process.Login"/>
</testsuite> <!-- Login_Process.Login -->
