<?xml version="1.0" encoding="UTF-8"?>
<!-- Generated by org.testng.reporters.JUnitReportReporter -->
<testsuite skipped="0" hostname="LAPTOP-LQRBCNTA" name="Demo.Custom_Actions" tests="2" failures="0" timestamp="11 Nov 2017 12:56:45 GMT" time="64.900" errors="0">
  <testcase name="signin" time="49.144" classname="Demo.Custom_Actions"/>
  <testcase name="create_custom_action" time="15.756" classname="Demo.Custom_Actions"/>
</testsuite> <!-- Demo.Custom_Actions -->
