<?xml version="1.0" encoding="UTF-8"?>
<!-- Generated by org.testng.reporters.JUnitReportReporter -->
<testsuite skipped="0" hostname="mars" name="login.Login" tests="1" failures="0" timestamp="28 Jun 2017 13:05:25 GMT" time="11.992" errors="0">
  <testcase name="signin" time="11.992" classname="login.Login"/>
</testsuite> <!-- login.Login -->
