<?xml version="1.0" encoding="UTF-8"?>
<!-- Generated by org.testng.reporters.JUnitReportReporter -->
<testsuite skipped="0" hostname="LAPTOP-LQRBCNTA" name="Demo.Add_Provider" tests="2" failures="0" timestamp="11 Nov 2017 12:56:45 GMT" time="93.122" errors="0">
  <testcase name="Provider" time="29.881" classname="Demo.Add_Provider"/>
  <testcase name="signin" time="63.241" classname="Demo.Add_Provider"/>
</testsuite> <!-- Demo.Add_Provider -->
