<?xml version="1.0" encoding="UTF-8"?>
<!-- Generated by org.testng.reporters.JUnitReportReporter -->
<testsuite skipped="0" hostname="mars" name="Demo.Add_Provider" tests="2" failures="0" timestamp="12 Jul 2017 07:24:35 GMT" time="11.563" errors="0">
  <testcase name="signin" time="7.017" classname="Demo.Add_Provider"/>
  <testcase name="Provider" time="4.546" classname="Demo.Add_Provider"/>
</testsuite> <!-- Demo.Add_Provider -->
